<?xml version="1.0" encoding="UTF-8" ?>
<testsuite errors="0" failures="6" hostname="sofs4" name="com.tekdays.SponsorshipControllerSpec" skipped="0" tests="7" time="0.238" timestamp="2021-10-26T11:59:30">
  <properties />
  <testcase classname="com.tekdays.SponsorshipControllerSpec" name="Test the index action returns the correct model" time="0.107">
    <failure message="Condition not satisfied:&#xa;&#xa;model.sponsorship == 0&#xa;|     |           |&#xa;|     null        false&#xa;[sponsorshipInstanceCount:0, emptyCollection:[]]&#xa;" type="junit.framework.AssertionFailedError">junit.framework.AssertionFailedError: Condition not satisfied:

model.sponsorship == 0
|     |           |
|     null        false
[sponsorshipInstanceCount:0, emptyCollection:[]]

	at com.tekdays.SponsorshipControllerSpec.Test the index action returns the correct model(SponsorshipControllerSpec.groovy:24)
</failure>
  </testcase>
  <testcase classname="com.tekdays.SponsorshipControllerSpec" name="Test the create action returns the correct model" time="0.014">
    <failure message="Condition not satisfied:&#xa;&#xa;model.sponsorship!= null&#xa;|     |          |&#xa;|     null       false&#xa;[sponsorshipInstance:com.tekdays.Sponsorship : (unsaved)]&#xa;" type="junit.framework.AssertionFailedError">junit.framework.AssertionFailedError: Condition not satisfied:

model.sponsorship!= null
|     |          |
|     null       false
[sponsorshipInstance:com.tekdays.Sponsorship : (unsaved)]

	at com.tekdays.SponsorshipControllerSpec.Test the create action returns the correct model(SponsorshipControllerSpec.groovy:32)
</failure>
  </testcase>
  <testcase classname="com.tekdays.SponsorshipControllerSpec" name="Test the save action correctly persists an instance" time="0.022">
    <failure message="Condition not satisfied:&#xa;&#xa;model.sponsorship!= null&#xa;|     |          |&#xa;|     null       false&#xa;[sponsorshipInstance:com.tekdays.Sponsorship : (unsaved)]&#xa;" type="junit.framework.AssertionFailedError">junit.framework.AssertionFailedError: Condition not satisfied:

model.sponsorship!= null
|     |          |
|     null       false
[sponsorshipInstance:com.tekdays.Sponsorship : (unsaved)]

	at com.tekdays.SponsorshipControllerSpec.Test the save action correctly persists an instance(SponsorshipControllerSpec.groovy:45)
</failure>
  </testcase>
  <testcase classname="com.tekdays.SponsorshipControllerSpec" name="Test that the show action returns the correct model" time="0.021">
    <failure message="Condition not satisfied:&#xa;&#xa;model.sponsorship == sponsorship&#xa;|     |           |  |&#xa;|     null        |  com.tekdays.Sponsorship : (unsaved)&#xa;|                 false&#xa;[sponsorshipInstance:com.tekdays.Sponsorship : (unsaved)]&#xa;" type="junit.framework.AssertionFailedError">junit.framework.AssertionFailedError: Condition not satisfied:

model.sponsorship == sponsorship
|     |           |  |
|     null        |  com.tekdays.Sponsorship : (unsaved)
|                 false
[sponsorshipInstance:com.tekdays.Sponsorship : (unsaved)]

	at com.tekdays.SponsorshipControllerSpec.Test that the show action returns the correct model(SponsorshipControllerSpec.groovy:74)
</failure>
  </testcase>
  <testcase classname="com.tekdays.SponsorshipControllerSpec" name="Test that the edit action returns the correct model" time="0.018">
    <failure message="Condition not satisfied:&#xa;&#xa;model.sponsorship == sponsorship&#xa;|     |           |  |&#xa;|     null        |  com.tekdays.Sponsorship : (unsaved)&#xa;|                 false&#xa;[sponsorshipInstance:com.tekdays.Sponsorship : (unsaved)]&#xa;" type="junit.framework.AssertionFailedError">junit.framework.AssertionFailedError: Condition not satisfied:

model.sponsorship == sponsorship
|     |           |  |
|     null        |  com.tekdays.Sponsorship : (unsaved)
|                 false
[sponsorshipInstance:com.tekdays.Sponsorship : (unsaved)]

	at com.tekdays.SponsorshipControllerSpec.Test that the edit action returns the correct model(SponsorshipControllerSpec.groovy:90)
</failure>
  </testcase>
  <testcase classname="com.tekdays.SponsorshipControllerSpec" name="Test the update action performs an update on a valid domain instance" time="0.03">
    <failure message="Condition not satisfied:&#xa;&#xa;model.sponsorship == sponsorship&#xa;|     |           |  |&#xa;|     null        |  com.tekdays.Sponsorship : (unsaved)&#xa;|                 false&#xa;[sponsorshipInstance:com.tekdays.Sponsorship : (unsaved)]&#xa;" type="junit.framework.AssertionFailedError">junit.framework.AssertionFailedError: Condition not satisfied:

model.sponsorship == sponsorship
|     |           |  |
|     null        |  com.tekdays.Sponsorship : (unsaved)
|                 false
[sponsorshipInstance:com.tekdays.Sponsorship : (unsaved)]

	at com.tekdays.SponsorshipControllerSpec.Test the update action performs an update on a valid domain instance(SponsorshipControllerSpec.groovy:112)
</failure>
  </testcase>
  <testcase classname="com.tekdays.SponsorshipControllerSpec" name="Test that the delete action deletes an instance if it exists" time="0.02" />
  <system-out><![CDATA[--Output from Test the index action returns the correct model--
--Output from Test the create action returns the correct model--
--Output from Test the save action correctly persists an instance--
--Output from Test that the show action returns the correct model--
--Output from Test that the edit action returns the correct model--
--Output from Test the update action performs an update on a valid domain instance--
--Output from Test that the delete action deletes an instance if it exists--
]]></system-out>
  <system-err><![CDATA[--Output from Test the index action returns the correct model--
--Output from Test the create action returns the correct model--
--Output from Test the save action correctly persists an instance--
--Output from Test that the show action returns the correct model--
--Output from Test that the edit action returns the correct model--
--Output from Test the update action performs an update on a valid domain instance--
--Output from Test that the delete action deletes an instance if it exists--
]]></system-err>
</testsuite>
