<?xml version="1.0" encoding="UTF-8" ?>
<testsuite errors="0" failures="2" hostname="sofs4" name="com.tekdays.TekMessageControllerSpec" skipped="0" tests="7" time="2.327" timestamp="2021-10-26T11:59:26">
  <properties />
  <testcase classname="com.tekdays.TekMessageControllerSpec" name="Test the index action returns the correct model" time="1.901" />
  <testcase classname="com.tekdays.TekMessageControllerSpec" name="Test the create action returns the correct model" time="0.088" />
  <testcase classname="com.tekdays.TekMessageControllerSpec" name="Test the save action correctly persists an instance" time="0.149">
    <failure message="Condition not satisfied:&#xa;&#xa;model.tekMessage != null&#xa;|     |          |&#xa;[:]   null       false&#xa;" type="junit.framework.AssertionFailedError">junit.framework.AssertionFailedError: Condition not satisfied:

model.tekMessage != null
|     |          |
[:]   null       false

	at com.tekdays.TekMessageControllerSpec.Test the save action correctly persists an instance(TekMessageControllerSpec.groovy:49)
</failure>
  </testcase>
  <testcase classname="com.tekdays.TekMessageControllerSpec" name="Test that the show action returns the correct model" time="0.032" />
  <testcase classname="com.tekdays.TekMessageControllerSpec" name="Test that the edit action returns the correct model" time="0.027" />
  <testcase classname="com.tekdays.TekMessageControllerSpec" name="Test the update action performs an update on a valid domain instance" time="0.055">
    <failure message="Condition not satisfied:&#xa;&#xa;model.tekMessage == tekMessage&#xa;|     |          |  |&#xa;|     null       |  Subject: null, Author: null&#xa;|                false&#xa;[tekMessageInstance:Subject: null, Author: null]&#xa;" type="junit.framework.AssertionFailedError">junit.framework.AssertionFailedError: Condition not satisfied:

model.tekMessage == tekMessage
|     |          |  |
|     null       |  Subject: null, Author: null
|                false
[tekMessageInstance:Subject: null, Author: null]

	at com.tekdays.TekMessageControllerSpec.Test the update action performs an update on a valid domain instance(TekMessageControllerSpec.groovy:112)
</failure>
  </testcase>
  <testcase classname="com.tekdays.TekMessageControllerSpec" name="Test that the delete action deletes an instance if it exists" time="0.042" />
  <system-out><![CDATA[--Output from Test the index action returns the correct model--
--Output from Test the create action returns the correct model--
--Output from Test the save action correctly persists an instance--
--Output from Test that the show action returns the correct model--
--Output from Test that the edit action returns the correct model--
--Output from Test the update action performs an update on a valid domain instance--
--Output from Test that the delete action deletes an instance if it exists--
]]></system-out>
  <system-err><![CDATA[--Output from Test the index action returns the correct model--
--Output from Test the create action returns the correct model--
--Output from Test the save action correctly persists an instance--
--Output from Test that the show action returns the correct model--
--Output from Test that the edit action returns the correct model--
--Output from Test the update action performs an update on a valid domain instance--
--Output from Test that the delete action deletes an instance if it exists--
]]></system-err>
</testsuite>
