<?xml version="1.0" encoding="UTF-8" ?>
<testsuite errors="0" failures="2" hostname="sofs4" name="com.tekdays.TekEventControllerSpec" skipped="0" tests="7" time="0.322" timestamp="2021-10-26T11:59:29">
  <properties />
  <testcase classname="com.tekdays.TekEventControllerSpec" name="Test the index action returns the correct model" time="0.131" />
  <testcase classname="com.tekdays.TekEventControllerSpec" name="Test the create action returns the correct model" time="0.019" />
  <testcase classname="com.tekdays.TekEventControllerSpec" name="Test the save action correctly persists an instance" time="0.028">
    <failure message="Condition not satisfied:&#xa;&#xa;TekEvent.count() == 1&#xa;         |       |&#xa;         0       false&#xa;" type="junit.framework.AssertionFailedError">junit.framework.AssertionFailedError: Condition not satisfied:

TekEvent.count() == 1
         |       |
         0       false

	at com.tekdays.TekEventControllerSpec.Test the save action correctly persists an instance(TekEventControllerSpec.groovy:59)
</failure>
  </testcase>
  <testcase classname="com.tekdays.TekEventControllerSpec" name="Test that the show action returns the correct model" time="0.024" />
  <testcase classname="com.tekdays.TekEventControllerSpec" name="Test that the edit action returns the correct model" time="0.02" />
  <testcase classname="com.tekdays.TekEventControllerSpec" name="Test the update action performs an update on a valid domain instance" time="0.067" />
  <testcase classname="com.tekdays.TekEventControllerSpec" name="Test that the delete action deletes an instance if it exists" time="0.024">
    <failure message="Condition not satisfied:&#xa;&#xa;TekEvent.count() == 2&#xa;         |       |&#xa;         0       false&#xa;" type="junit.framework.AssertionFailedError">junit.framework.AssertionFailedError: Condition not satisfied:

TekEvent.count() == 2
         |       |
         0       false

	at com.tekdays.TekEventControllerSpec.Test that the delete action deletes an instance if it exists(TekEventControllerSpec.groovy:142)
</failure>
  </testcase>
  <system-out><![CDATA[--Output from Test the index action returns the correct model--
--Output from Test the create action returns the correct model--
--Output from Test the save action correctly persists an instance--
--Output from Test that the show action returns the correct model--
--Output from Test that the edit action returns the correct model--
--Output from Test the update action performs an update on a valid domain instance--
--Output from Test that the delete action deletes an instance if it exists--
]]></system-out>
  <system-err><![CDATA[--Output from Test the index action returns the correct model--
--Output from Test the create action returns the correct model--
--Output from Test the save action correctly persists an instance--
--Output from Test that the show action returns the correct model--
--Output from Test that the edit action returns the correct model--
--Output from Test the update action performs an update on a valid domain instance--
--Output from Test that the delete action deletes an instance if it exists--
]]></system-err>
</testsuite>
