<?xml version="1.0" encoding="UTF-8" ?>
<testsuite errors="0" failures="5" hostname="sofs4" name="com.tekdays.TekUserControllerSpec" skipped="0" tests="7" time="0.225" timestamp="2021-10-26T11:59:30">
  <properties />
  <testcase classname="com.tekdays.TekUserControllerSpec" name="Test the index action returns the correct model" time="0.089" />
  <testcase classname="com.tekdays.TekUserControllerSpec" name="Test the create action returns the correct model" time="0.013">
    <failure message="Condition not satisfied:&#xa;&#xa;model.tekUser!= null&#xa;|     |      |&#xa;|     null   false&#xa;[tekUserInstance:null]&#xa;" type="junit.framework.AssertionFailedError">junit.framework.AssertionFailedError: Condition not satisfied:

model.tekUser!= null
|     |      |
|     null   false
[tekUserInstance:null]

	at com.tekdays.TekUserControllerSpec.Test the create action returns the correct model(TekUserControllerSpec.groovy:33)
</failure>
  </testcase>
  <testcase classname="com.tekdays.TekUserControllerSpec" name="Test the save action correctly persists an instance" time="0.023">
    <failure message="Condition not satisfied:&#xa;&#xa;model.tekUser!= null&#xa;|     |      |&#xa;|     null   false&#xa;[tekUserInstance:null]&#xa;" type="junit.framework.AssertionFailedError">junit.framework.AssertionFailedError: Condition not satisfied:

model.tekUser!= null
|     |      |
|     null   false
[tekUserInstance:null]

	at com.tekdays.TekUserControllerSpec.Test the save action correctly persists an instance(TekUserControllerSpec.groovy:46)
</failure>
  </testcase>
  <testcase classname="com.tekdays.TekUserControllerSpec" name="Test that the show action returns the correct model" time="0.022">
    <failure message="Condition not satisfied:&#xa;&#xa;model.tekUser == tekUser&#xa;|     |       |  |&#xa;|     null    |  com.tekdays.TekUser@13aa54f1&#xa;|             false&#xa;[tekUserInstance:null]&#xa;" type="junit.framework.AssertionFailedError">junit.framework.AssertionFailedError: Condition not satisfied:

model.tekUser == tekUser
|     |       |  |
|     null    |  com.tekdays.TekUser@13aa54f1
|             false
[tekUserInstance:null]

	at com.tekdays.TekUserControllerSpec.Test that the show action returns the correct model(TekUserControllerSpec.groovy:75)
</failure>
  </testcase>
  <testcase classname="com.tekdays.TekUserControllerSpec" name="Test that the edit action returns the correct model" time="0.017">
    <failure message="Condition not satisfied:&#xa;&#xa;model.tekUser == tekUser&#xa;|     |       |  |&#xa;|     null    |  com.tekdays.TekUser@74e4be21&#xa;|             false&#xa;[tekUserInstance:null]&#xa;" type="junit.framework.AssertionFailedError">junit.framework.AssertionFailedError: Condition not satisfied:

model.tekUser == tekUser
|     |       |  |
|     null    |  com.tekdays.TekUser@74e4be21
|             false
[tekUserInstance:null]

	at com.tekdays.TekUserControllerSpec.Test that the edit action returns the correct model(TekUserControllerSpec.groovy:91)
</failure>
  </testcase>
  <testcase classname="com.tekdays.TekUserControllerSpec" name="Test the update action performs an update on a valid domain instance" time="0.036">
    <failure message="Condition not satisfied:&#xa;&#xa;model.tekUser == tekUser&#xa;|     |       |  |&#xa;|     null    |  com.tekdays.TekUser@cfacf0&#xa;|             false&#xa;[tekUserInstance:null]&#xa;" type="junit.framework.AssertionFailedError">junit.framework.AssertionFailedError: Condition not satisfied:

model.tekUser == tekUser
|     |       |  |
|     null    |  com.tekdays.TekUser@cfacf0
|             false
[tekUserInstance:null]

	at com.tekdays.TekUserControllerSpec.Test the update action performs an update on a valid domain instance(TekUserControllerSpec.groovy:113)
</failure>
  </testcase>
  <testcase classname="com.tekdays.TekUserControllerSpec" name="Test that the delete action deletes an instance if it exists" time="0.018" />
  <system-out><![CDATA[--Output from Test the index action returns the correct model--
--Output from Test the create action returns the correct model--
--Output from Test the save action correctly persists an instance--
--Output from Test that the show action returns the correct model--
--Output from Test that the edit action returns the correct model--
--Output from Test the update action performs an update on a valid domain instance--
--Output from Test that the delete action deletes an instance if it exists--
]]></system-out>
  <system-err><![CDATA[--Output from Test the index action returns the correct model--
--Output from Test the create action returns the correct model--
--Output from Test the save action correctly persists an instance--
--Output from Test that the show action returns the correct model--
--Output from Test that the edit action returns the correct model--
--Output from Test the update action performs an update on a valid domain instance--
--Output from Test that the delete action deletes an instance if it exists--
]]></system-err>
</testsuite>
