<?xml version="1.0" encoding="UTF-8" ?>
<testsuite errors="0" failures="5" hostname="sofs4" name="com.tekdays.TaskControllerSpec" skipped="0" tests="7" time="0.273" timestamp="2021-10-26T11:59:29">
  <properties />
  <testcase classname="com.tekdays.TaskControllerSpec" name="Test the index action returns the correct model" time="0.111" />
  <testcase classname="com.tekdays.TaskControllerSpec" name="Test the create action returns the correct model" time="0.02">
    <failure message="Condition not satisfied:&#xa;&#xa;model.task!= null&#xa;|     |   |&#xa;|     |   false&#xa;|     null&#xa;[taskInstance:420]&#xa;" type="junit.framework.AssertionFailedError">junit.framework.AssertionFailedError: Condition not satisfied:

model.task!= null
|     |   |
|     |   false
|     null
[taskInstance:420]

	at com.tekdays.TaskControllerSpec.Test the create action returns the correct model(TaskControllerSpec.groovy:33)
</failure>
  </testcase>
  <testcase classname="com.tekdays.TaskControllerSpec" name="Test the save action correctly persists an instance" time="0.02">
    <failure message="Condition not satisfied:&#xa;&#xa;model.task!= null&#xa;|     |   |&#xa;|     |   false&#xa;|     null&#xa;[taskInstance:null]&#xa;" type="junit.framework.AssertionFailedError">junit.framework.AssertionFailedError: Condition not satisfied:

model.task!= null
|     |   |
|     |   false
|     null
[taskInstance:null]

	at com.tekdays.TaskControllerSpec.Test the save action correctly persists an instance(TaskControllerSpec.groovy:47)
</failure>
  </testcase>
  <testcase classname="com.tekdays.TaskControllerSpec" name="Test that the show action returns the correct model" time="0.022">
    <failure message="Condition not satisfied:&#xa;&#xa;model.task == task&#xa;|     |    |  |&#xa;|     null |  420&#xa;|          false&#xa;[taskInstance:420]&#xa;" type="junit.framework.AssertionFailedError">junit.framework.AssertionFailedError: Condition not satisfied:

model.task == task
|     |    |  |
|     null |  420
|          false
[taskInstance:420]

	at com.tekdays.TaskControllerSpec.Test that the show action returns the correct model(TaskControllerSpec.groovy:76)
</failure>
  </testcase>
  <testcase classname="com.tekdays.TaskControllerSpec" name="Test that the edit action returns the correct model" time="0.019">
    <failure message="Condition not satisfied:&#xa;&#xa;model.task == task&#xa;|     |    |  |&#xa;|     null |  420&#xa;|          false&#xa;[taskInstance:420]&#xa;" type="junit.framework.AssertionFailedError">junit.framework.AssertionFailedError: Condition not satisfied:

model.task == task
|     |    |  |
|     null |  420
|          false
[taskInstance:420]

	at com.tekdays.TaskControllerSpec.Test that the edit action returns the correct model(TaskControllerSpec.groovy:92)
</failure>
  </testcase>
  <testcase classname="com.tekdays.TaskControllerSpec" name="Test the update action performs an update on a valid domain instance" time="0.054">
    <failure message="Condition not satisfied:&#xa;&#xa;model.task == task&#xa;|     |    |  |&#xa;|     null |  com.tekdays.Task@6cde0c69&#xa;|          false&#xa;[taskInstance:null]&#xa;" type="junit.framework.AssertionFailedError">junit.framework.AssertionFailedError: Condition not satisfied:

model.task == task
|     |    |  |
|     null |  com.tekdays.Task@6cde0c69
|          false
[taskInstance:null]

	at com.tekdays.TaskControllerSpec.Test the update action performs an update on a valid domain instance(TaskControllerSpec.groovy:114)
</failure>
  </testcase>
  <testcase classname="com.tekdays.TaskControllerSpec" name="Test that the delete action deletes an instance if it exists" time="0.021" />
  <system-out><![CDATA[--Output from Test the index action returns the correct model--
--Output from Test the create action returns the correct model--
--Output from Test the save action correctly persists an instance--
--Output from Test that the show action returns the correct model--
--Output from Test that the edit action returns the correct model--
--Output from Test the update action performs an update on a valid domain instance--
--Output from Test that the delete action deletes an instance if it exists--
]]></system-out>
  <system-err><![CDATA[--Output from Test the index action returns the correct model--
--Output from Test the create action returns the correct model--
--Output from Test the save action correctly persists an instance--
--Output from Test that the show action returns the correct model--
--Output from Test that the edit action returns the correct model--
--Output from Test the update action performs an update on a valid domain instance--
--Output from Test that the delete action deletes an instance if it exists--
]]></system-err>
</testsuite>
